--------- beginning of crash
02-19 06:53:44.288 21252 21252 E AndroidRuntime: FATAL EXCEPTION: main
02-19 06:53:44.288 21252 21252 E AndroidRuntime: Process: com.neowizgames.game.browndust2, PID: 21252
02-19 06:53:44.288 21252 21252 E AndroidRuntime: java.lang.RuntimeException: Unable to instantiate receiver com.pmangplus.PPReceiver: java.lang.ClassNotFoundException: Didn't find class "com.pmangplus.PPReceiver" on path: DexPathList[[zip file "/data/app/~~92ojZHGr_yaFEE1XXgObiw==/com.neowizgames.game.browndust2-NQsTPOmnlVt-WQBe9EjvMw==/base.apk", zip file "/data/app/~~92ojZHGr_yaFEE1XXgObiw==/com.neowizgames.game.browndust2-NQsTPOmnlVt-WQBe9EjvMw==/split_base_assets.apk", zip file "/data/app/~~92ojZHGr_yaFEE1XXgObiw==/com.neowizgames.game.browndust2-NQsTPOmnlVt-WQBe9EjvMw==/split_config.arm64_v8a.apk"],nativeLibraryDirectories=[/data/app/~~92ojZHGr_yaFEE1XXgObiw==/com.neowizgames.game.browndust2-NQsTPOmnlVt-WQBe9EjvMw==/lib/arm64, /data/app/~~92ojZHGr_yaFEE1XXgObiw==/com.neowizgames.game.browndust2-NQsTPOmnlVt-WQBe9EjvMw==/base.apk!/lib/arm64-v8a, /data/app/~~92ojZHGr_yaFEE1XXgObiw==/com.neowizgames.game.browndust2-NQsTPOmnlVt-WQBe9EjvMw==/split_base_assets.apk!/lib/arm64-v8a, /data/app/~~92ojZHGr_yaFEE1XXgObiw==/com.neowizgames.game.browndust2-NQsTPOmnlVt-WQBe9EjvMw==/split_config.arm64_v8a.apk!/lib/arm64-v8a, /system/lib64, /system_ext/lib64]]
02-19 06:53:44.288 21252 21252 E AndroidRuntime: 	at android.app.ActivityThread.handleReceiver(ActivityThread.java:5629)
02-19 06:53:44.288 21252 21252 E AndroidRuntime: 	at android.app.ActivityThread.-$$Nest$mhandleReceiver(Unknown Source:0)
02-19 06:53:44.288 21252 21252 E AndroidRuntime: 	at android.app.ActivityThread$H.handleMessage(ActivityThread.java:2904)
02-19 06:53:44.288 21252 21252 E AndroidRuntime: 	at android.os.Handler.dispatchMessage(Handler.java:110)
02-19 06:53:44.288 21252 21252 E AndroidRuntime: 	at android.os.Looper.loopOnce(Looper.java:273)
02-19 06:53:44.288 21252 21252 E AndroidRuntime: 	at android.os.Looper.loop(Looper.java:363)
02-19 06:53:44.288 21252 21252 E AndroidRuntime: 	at android.app.ActivityThread.main(ActivityThread.java:10060)
02-19 06:53:44.288 21252 21252 E AndroidRuntime: 	at java.lang.reflect.Method.invoke(Native Method)
02-19 06:53:44.288 21252 21252 E AndroidRuntime: 	at com.android.internal.os.RuntimeInit$MethodAndArgsCaller.run(RuntimeInit.java:632)
02-19 06:53:44.288 21252 21252 E AndroidRuntime: 	at com.android.internal.os.ZygoteInit.main(ZygoteInit.java:975)
02-19 06:53:44.288 21252 21252 E AndroidRuntime: Caused by: java.lang.ClassNotFoundException: Didn't find class "com.pmangplus.PPReceiver" on path: DexPathList[[zip file "/data/app/~~92ojZHGr_yaFEE1XXgObiw==/com.neowizgames.game.browndust2-NQsTPOmnlVt-WQBe9EjvMw==/base.apk", zip file "/data/app/~~92ojZHGr_yaFEE1XXgObiw==/com.neowizgames.game.browndust2-NQsTPOmnlVt-WQBe9EjvMw==/split_base_assets.apk", zip file "/data/app/~~92ojZHGr_yaFEE1XXgObiw==/com.neowizgames.game.browndust2-NQsTPOmnlVt-WQBe9EjvMw==/split_config.arm64_v8a.apk"],nativeLibraryDirectories=[/data/app/~~92ojZHGr_yaFEE1XXgObiw==/com.neowizgames.game.browndust2-NQsTPOmnlVt-WQBe9EjvMw==/lib/arm64, /data/app/~~92ojZHGr_yaFEE1XXgObiw==/com.neowizgames.game.browndust2-NQsTPOmnlVt-WQBe9EjvMw==/base.apk!/lib/arm64-v8a, /data/app/~~92ojZHGr_yaFEE1XXgObiw==/com.neowizgames.game.browndust2-NQsTPOmnlVt-WQBe9EjvMw==/split_base_assets.apk!/lib/arm64-v8a, /data/app/~~92ojZHGr_yaFEE1XXgObiw==/com.neowizgames.game.browndust2-NQsTPOmnlVt-WQBe9EjvMw==/split_config.arm64_v8a.apk!/lib/arm64-v8a, /system/lib64, /system_ext/lib64]]
02-19 06:53:44.288 21252 21252 E AndroidRuntime: 	at dalvik.system.BaseDexClassLoader.findClass(BaseDexClassLoader.java:259)
02-19 06:53:44.288 21252 21252 E AndroidRuntime: 	at java.lang.ClassLoader.loadClass(ClassLoader.java:637)
02-19 06:53:44.288 21252 21252 E AndroidRuntime: 	at java.lang.ClassLoader.loadClass(ClassLoader.java:573)
02-19 06:53:44.288 21252 21252 E AndroidRuntime: 	at android.app.AppComponentFactory.instantiateReceiver(AppComponentFactory.java:110)
02-19 06:53:44.288 21252 21252 E AndroidRuntime: 	at androidx.core.app.CoreComponentFactory.instantiateReceiver(CoreComponentFactory.java:60)
02-19 06:53:44.288 21252 21252 E AndroidRuntime: 	at android.app.ActivityThread.handleReceiver(ActivityThread.java:5622)
02-19 06:53:44.288 21252 21252 E AndroidRuntime: 	... 9 more
02-19 06:53:44.288 21252 21252 E AndroidRuntime: 	Suppressed: java.io.IOException: Failed to open dex files from /data/app/~~92ojZHGr_yaFEE1XXgObiw==/com.neowizgames.game.browndust2-NQsTPOmnlVt-WQBe9EjvMw==/split_base_assets.apk because: Failed to find entry 'classes.dex': Entry not found
02-19 06:53:44.288 21252 21252 E AndroidRuntime: 		at dalvik.system.DexFile.openDexFileNative(Native Method)
02-19 06:53:44.288 21252 21252 E AndroidRuntime: 		at dalvik.system.DexFile.openDexFile(DexFile.java:406)
02-19 06:53:44.288 21252 21252 E AndroidRuntime: 		at dalvik.system.DexFile.<init>(DexFile.java:128)
02-19 06:53:44.288 21252 21252 E AndroidRuntime: 		at dalvik.system.DexFile.<init>(DexFile.java:101)
02-19 06:53:44.288 21252 21252 E AndroidRuntime: 		at dalvik.system.DexPathList.loadDexFile(DexPathList.java:438)
02-19 06:53:44.288 21252 21252 E AndroidRuntime: 		at dalvik.system.DexPathList.makeDexElements(DexPathList.java:397)
02-19 06:53:44.288 21252 21252 E AndroidRuntime: 		at dalvik.system.DexPathList.<init>(DexPathList.java:166)
02-19 06:53:44.288 21252 21252 E AndroidRuntime: 		at dalvik.system.BaseDexClassLoader.<init>(BaseDexClassLoader.java:160)
02-19 06:53:44.288 21252 21252 E AndroidRuntime: 		at dalvik.system.BaseDexClassLoader.<init>(BaseDexClassLoader.java:130)
02-19 06:53:44.288 21252 21252 E AndroidRuntime: 		at dalvik.system.PathClassLoader.<init>(PathClassLoader.java:146)
02-19 06:53:44.288 21252 21252 E AndroidRuntime: 		at com.android.internal.os.ClassLoaderFactory.createClassLoader(ClassLoaderFactory.java:93)
02-19 06:53:44.288 21252 21252 E AndroidRuntime: 		at com.android.internal.os.ClassLoaderFactory.createClassLoader(ClassLoaderFactory.java:134)
02-19 06:53:44.288 21252 21252 E AndroidRuntime: 		at android.app.ApplicationLoaders.getClassLoader(ApplicationLoaders.java:126)
02-19 06:53:44.288 21252 21252 E AndroidRuntime: 		at android.app.ApplicationLoaders.getClassLoaderWithSharedLibraries(ApplicationLoaders.java:61)
02-19 06:53:44.288 21252 21252 E AndroidRuntime: 		at android.app.LoadedApk.createOrUpdateClassLoaderLocked(LoadedApk.java:1059)
02-19 06:53:44.288 21252 21252 E AndroidRuntime: 		at android.app.LoadedApk.getClassLoader(LoadedApk.java:1159)
02-19 06:53:44.288 21252 21252 E AndroidRuntime: 		at android.app.LoadedApk.getResources(LoadedApk.java:1512)
02-19 06:53:44.288 21252 21252 E AndroidRuntime: 		at android.app.ContextImpl.createAppContext(ContextImpl.java:3650)
02-19 06:53:44.288 21252 21252 E AndroidRuntime: 		at android.app.ContextImpl.createAppContext(ContextImpl.java:3641)
02-19 06:53:44.288 21252 21252 E AndroidRuntime: 		at android.app.ActivityThread.handleBindApplication(ActivityThread.java:8590)
02-19 06:53:44.288 21252 21252 E AndroidRuntime: 		at android.app.ActivityThread.-$$Nest$mhandleBindApplication(Unknown Source:0)
02-19 06:53:44.288 21252 21252 E AndroidRuntime: 		at android.app.ActivityThread$H.handleMessage(ActivityThread.java:2873)
02-19 06:53:44.288 21252 21252 E AndroidRuntime: 		... 7 more
02-19 06:53:44.288 21252 21252 E AndroidRuntime: 	Suppressed: java.io.IOException: Failed to open dex files from /data/app/~~92ojZHGr_yaFEE1XXgObiw==/com.neowizgames.game.browndust2-NQsTPOmnlVt-WQBe9EjvMw==/split_config.arm64_v8a.apk because: Failed to find entry 'classes.dex': Entry not found
02-19 06:53:44.288 21252 21252 E AndroidRuntime: 		at dalvik.system.DexFile.openDexFileNative(Native Method)
02-19 06:53:44.288 21252 21252 E AndroidRuntime: 		at dalvik.system.DexFile.openDexFile(DexFile.java:406)
02-19 06:53:44.288 21252 21252 E AndroidRuntime: 		at dalvik.system.DexFile.<init>(DexFile.java:128)
02-19 06:53:44.288 21252 21252 E AndroidRuntime: 		at dalvik.system.DexFile.<init>(DexFile.java:101)
02-19 06:53:44.288 21252 21252 E AndroidRuntime: 		at dalvik.system.DexPathList.loadDexFile(DexPathList.java:438)
02-19 06:53:44.288 21252 21252 E AndroidRuntime: 		at dalvik.system.DexPathList.makeDexElements(DexPathList.java:397)
02-19 06:53:44.288 21252 21252 E AndroidRuntime: 		at dalvik.system.DexPathList.<init>(DexPathList.java:166)
02-19 06:53:44.288 21252 21252 E AndroidRuntime: 		at dalvik.system.BaseDexClassLoader.<init>(BaseDexClassLoader.java:160)
02-19 06:53:44.288 21252 21252 E AndroidRuntime: 		at dalvik.system.BaseDexClassLoader.<init>(BaseDexClassLoader.java:130)
02-19 06:53:44.288 21252 21252 E AndroidRuntime: 		at dalvik.system.PathClassLoader.<init>(PathClassLoader.java:146)
02-19 06:53:44.288 21252 21252 E AndroidRuntime: 		at com.android.internal.os.ClassLoaderFactory.createClassLoader(ClassLoaderFactory.java:93)
02-19 06:53:44.288 21252 21252 E AndroidRuntime: 		at com.android.internal.os.ClassLoaderFactory.createClassLoader(ClassLoaderFactory.java:134)
02-19 06:53:44.288 21252 21252 E AndroidRuntime: 		at android.app.ApplicationLoaders.getClassLoader(ApplicationLoaders.java:126)
02-19 06:53:44.288 21252 21252 E AndroidRuntime: 		at android.app.ApplicationLoaders.getClassLoaderWithSharedLibraries(ApplicationLoaders.java:61)
02-19 06:53:44.288 21252 21252 E AndroidRuntime: 		at android.app.LoadedApk.createOrUpdateClassLoaderLocked(LoadedApk.java:1059)
02-19 06:53:44.288 21252 21252 E AndroidRuntime: 		at android.app.LoadedApk.getClassLoader(LoadedApk.java:1159)
02-19 06:53:44.288 21252 21252 E AndroidRuntime: 		at android.app.LoadedApk.getResources(LoadedApk.java:1512)
02-19 06:53:44.288 21252 21252 E AndroidRuntime: 		at android.app.ContextImpl.createAppContext(ContextImpl.java:3650)
02-19 06:53:44.288 21252 21252 E AndroidRuntime: 		at android.app.ContextImpl.createAppContext(ContextImpl.java:3641)
02-19 06:53:44.288 21252 21252 E AndroidRuntime: 		at android.app.ActivityThread.handleBindApplication(ActivityThread.java:8590)
02-19 06:53:44.288 21252 21252 E AndroidRuntime: 		at android.app.ActivityThread.-$$Nest$mhandleBindApplication(Unknown Source:0)
02-19 06:53:44.288 21252 21252 E AndroidRuntime: 		at android.app.ActivityThread$H.handleMessage(ActivityThread.java:2873)
02-19 06:53:44.288 21252 21252 E AndroidRuntime: 		... 7 more
02-20 00:27:54.327 10861 10861 E AndroidRuntime: FATAL EXCEPTION: main
02-20 00:27:54.327 10861 10861 E AndroidRuntime: Process: com.google.android.youtube, PID: 10861
02-20 00:27:54.327 10861 10861 E AndroidRuntime: java.lang.ExceptionInInitializerError
02-20 00:27:54.327 10861 10861 E AndroidRuntime: 	at eqw.<clinit>(PG:3)
02-20 00:27:54.327 10861 10861 E AndroidRuntime: 	at erf.d(PG:1)
02-20 00:27:54.327 10861 10861 E AndroidRuntime: 	at erf.c(PG:7)
02-20 00:27:54.327 10861 10861 E AndroidRuntime: 	at erq.a(PG:64)
02-20 00:27:54.327 10861 10861 E AndroidRuntime: 	at aqah.f(PG:52)
02-20 00:27:54.327 10861 10861 E AndroidRuntime: 	at iab.c(PG:94)
02-20 00:27:54.327 10861 10861 E AndroidRuntime: 	at iaa.O(PG:482)
02-20 00:27:54.327 10861 10861 E AndroidRuntime: 	at cb.gB(PG:26)
02-20 00:27:54.327 10861 10861 E AndroidRuntime: 	at asbv.h(PG:214)
02-20 00:27:54.327 10861 10861 E AndroidRuntime: 	at asbv.j(PG:897)
02-20 00:27:54.327 10861 10861 E AndroidRuntime: 	at cy.aC(PG:1148)
02-20 00:27:54.327 10861 10861 E AndroidRuntime: 	at cy.aE(PG:83)
02-20 00:27:54.327 10861 10861 E AndroidRuntime: 	at cy.I(PG:97)
02-20 00:27:54.327 10861 10861 E AndroidRuntime: 	at ax.f(PG:7)
02-20 00:27:54.327 10861 10861 E AndroidRuntime: 	at jft.C(PG:406)
02-20 00:27:54.327 10861 10861 E AndroidRuntime: 	at jft.F(PG:1103)
02-20 00:27:54.327 10861 10861 E AndroidRuntime: 	at pql.h(PG:100)
02-20 00:27:54.327 10861 10861 E AndroidRuntime: 	at jgc.c(PG:14)
02-20 00:27:54.327 10861 10861 E AndroidRuntime: 	at hxg.a(PG:1157)
02-20 00:27:54.327 10861 10861 E AndroidRuntime: 	at zre.I(PG:1)
02-20 00:27:54.327 10861 10861 E AndroidRuntime: 	at hxg.b(PG:62)
02-20 00:27:54.327 10861 10861 E AndroidRuntime: 	at agng.i(PG:248)
02-20 00:27:54.327 10861 10861 E AndroidRuntime: 	at agng.h(PG:60)
02-20 00:27:54.327 10861 10861 E AndroidRuntime: 	at fci.run(PG:786)
02-20 00:27:54.327 10861 10861 E AndroidRuntime: 	at aclf.e(PG:24)
02-20 00:27:54.327 10861 10861 E AndroidRuntime: 	at aclf.b(PG:19)
02-20 00:27:54.327 10861 10861 E AndroidRuntime: 	at agng.c(PG:153)
02-20 00:27:54.327 10861 10861 E AndroidRuntime: 	at agmx.c(PG:16)
02-20 00:27:54.327 10861 10861 E AndroidRuntime: 	at agna.g(PG:43)
02-20 00:27:54.327 10861 10861 E AndroidRuntime: 	at agna.c(PG:16)
02-20 00:27:54.327 10861 10861 E AndroidRuntime: 	at aqia.c(PG:165)
02-20 00:27:54.327 10861 10861 E AndroidRuntime: 	at aiws.c(PG:469)
02-20 00:27:54.327 10861 10861 E AndroidRuntime: 	at ablw.b(PG:815)
02-20 00:27:54.327 10861 10861 E AndroidRuntime: 	at agng.i(PG:248)
02-20 00:27:54.327 10861 10861 E AndroidRuntime: 	at agng.h(PG:60)
02-20 00:27:54.327 10861 10861 E AndroidRuntime: 	at fci.run(PG:786)
02-20 00:27:54.327 10861 10861 E AndroidRuntime: 	at aclf.e(PG:55)
02-20 00:27:54.327 10861 10861 E AndroidRuntime: 	at aclf.b(PG:19)
02-20 00:27:54.327 10861 10861 E AndroidRuntime: 	at agng.c(PG:153)
02-20 00:27:54.327 10861 10861 E AndroidRuntime: 	at agna.c(PG:12)
02-20 00:27:54.327 10861 10861 E AndroidRuntime: 	at aqia.c(PG:165)
02-20 00:27:54.327 10861 10861 E AndroidRuntime: 	at aiws.c(PG:469)
02-20 00:27:54.327 10861 10861 E AndroidRuntime: 	at aoww.a(PG:37)
02-20 00:27:54.327 10861 10861 E AndroidRuntime: 	at bmxu.P(PG:11)
02-20 00:27:54.327 10861 10861 E AndroidRuntime: 	at bmsx.pE(PG:6)
02-20 00:27:54.327 10861 10861 E AndroidRuntime: 	at bmyt.P(PG:8)
02-20 00:27:54.327 10861 10861 E AndroidRuntime: 	at bmsx.pE(PG:6)
02-20 00:27:54.327 10861 10861 E AndroidRuntime: 	at bmyt.P(PG:8)
02-20 00:27:54.327 10861 10861 E AndroidRuntime: 	at bmsx.pE(PG:6)
02-20 00:27:54.327 10861 10861 E AndroidRuntime: 	at bmyt.P(PG:8)
02-20 00:27:54.327 10861 10861 E AndroidRuntime: 	at bmsx.pE(PG:6)
02-20 00:27:54.327 10861 10861 E AndroidRuntime: 	at bmxp.f(PG:54)
02-20 00:27:54.327 10861 10861 E AndroidRuntime: 	at bmxp.pC(PG:40)
02-20 00:27:54.327 10861 10861 E AndroidRuntime: 	at bnwz.pC(PG:21)
02-20 00:27:54.327 10861 10861 E AndroidRuntime: 	at bndf.b(PG:37)
02-20 00:27:54.327 10861 10861 E AndroidRuntime: 	at bndf.aJ(PG:7)
02-20 00:27:54.327 10861 10861 E AndroidRuntime: 	at bmtd.aI(PG:6)
02-20 00:27:54.327 10861 10861 E AndroidRuntime: 	at bnea.aJ(PG:29)
02-20 00:27:54.327 10861 10861 E AndroidRuntime: 	at bmtd.aI(PG:6)
02-20 00:27:54.327 10861 10861 E AndroidRuntime: 	at bmtd.pF(PG:7)
02-20 00:27:54.327 10861 10861 E AndroidRuntime: 	at bmxq.P(PG:8)
02-20 00:27:54.327 10861 10861 E AndroidRuntime: 	at bmsx.pE(PG:6)
02-20 00:27:54.327 10861 10861 E AndroidRuntime: 	at bmyt.P(PG:8)
02-20 00:27:54.327 10861 10861 E AndroidRuntime: 	at bmsx.pE(PG:6)
02-20 00:27:54.327 10861 10861 E AndroidRuntime: 	at bmyt.P(PG:8)
02-20 00:27:54.327 10861 10861 E AndroidRuntime: 	at bmsx.pE(PG:6)
02-20 00:27:54.327 10861 10861 E AndroidRuntime: 	at bmyt.P(PG:8)
02-20 00:27:54.327 10861 10861 E AndroidRuntime: 	at bmsx.pE(PG:6)
02-20 00:27:54.327 10861 10861 E AndroidRuntime: 	at bmyt.P(PG:8)
02-20 00:27:54.327 10861 10861 E AndroidRuntime: 	at bmsx.pE(PG:6)
02-20 00:27:54.327 10861 10861 E AndroidRuntime: 	at bmyr.P(PG:9)
02-20 00:27:54.327 10861 10861 E AndroidRuntime: 	at bmsx.pE(PG:6)
02-20 00:27:54.327 10861 10861 E AndroidRuntime: 	at bmyt.P(PG:8)
02-20 00:27:54.327 10861 10861 E AndroidRuntime: 	at bmsx.pE(PG:6)
02-20 00:27:54.327 10861 10861 E AndroidRuntime: 	at bmyr.P(PG:9)
02-20 00:27:54.327 10861 10861 E AndroidRuntime: 	at bmsx.pE(PG:6)
02-20 00:27:54.327 10861 10861 E AndroidRuntime: 	at bmsx.L(PG:6)
02-20 00:27:54.327 10861 10861 E AndroidRuntime: 	at tly.a(PG:121)
02-20 00:27:54.327 10861 10861 E AndroidRuntime: 	at thy.A(PG:2502)
02-20 00:27:54.327 10861 10861 E AndroidRuntime: 	at gdt.z(PG:49)
02-20 00:27:54.327 10861 10861 E AndroidRuntime: 	at gdw.onClick(PG:78)
02-20 00:27:54.327 10861 10861 E AndroidRuntime: 	at android.view.View.performClick(View.java:8508)
02-20 00:27:54.327 10861 10861 E AndroidRuntime: 	at android.view.View.performClickInternal(View.java:8485)
02-20 00:27:54.327 10861 10861 E AndroidRuntime: 	at android.view.View.-$$Nest$mperformClickInternal(Unknown Source:0)
02-20 00:27:54.327 10861 10861 E AndroidRuntime: 	at android.view.View$PerformClick.run(View.java:33213)
02-20 00:27:54.327 10861 10861 E AndroidRuntime: 	at android.os.Handler.handleCallback(Handler.java:995)
02-20 00:27:54.327 10861 10861 E AndroidRuntime: 	at android.os.Handler.dispatchMessage(Handler.java:103)
02-20 00:27:54.327 10861 10861 E AndroidRuntime: 	at android.os.Looper.loopOnce(Looper.java:273)
02-20 00:27:54.327 10861 10861 E AndroidRuntime: 	at android.os.Looper.loop(Looper.java:363)
02-20 00:27:54.327 10861 10861 E AndroidRuntime: 	at android.app.ActivityThread.main(ActivityThread.java:10060)
02-20 00:27:54.327 10861 10861 E AndroidRuntime: 	at java.lang.reflect.Method.invoke(Native Method)
02-20 00:27:54.327 10861 10861 E AndroidRuntime: 	at com.android.internal.os.RuntimeInit$MethodAndArgsCaller.run(RuntimeInit.java:632)
02-20 00:27:54.327 10861 10861 E AndroidRuntime: 	at com.android.internal.os.ZygoteInit.main(ZygoteInit.java:975)
02-20 00:27:54.327 10861 10861 E AndroidRuntime: Caused by: android.util.AndroidRuntimeException: android.content.res.Resources$NotFoundException: failed to redirect ResourcesImpl
02-20 00:27:54.327 10861 10861 E AndroidRuntime: 	at android.webkit.WebViewFactory.getProvider(WebViewFactory.java:405)
02-20 00:27:54.327 10861 10861 E AndroidRuntime: 	at android.webkit.WebView.getFactory(WebView.java:2646)
02-20 00:27:54.327 10861 10861 E AndroidRuntime: 	at android.webkit.WebView.getWebViewClassLoader(WebView.java:2431)
02-20 00:27:54.327 10861 10861 E AndroidRuntime: 	at e$$ExternalSyntheticApiModelOutline2.m(D8$$SyntheticClass:53)
02-20 00:27:54.327 10861 10861 E AndroidRuntime: 	at ers.<clinit>(PG:3)
02-20 00:27:54.327 10861 10861 E AndroidRuntime: 	... 93 more
02-20 00:27:54.327 10861 10861 E AndroidRuntime: Caused by: android.content.res.Resources$NotFoundException: failed to redirect ResourcesImpl
02-20 00:27:54.327 10861 10861 E AndroidRuntime: 	at android.app.ResourcesManager.redirectAllResourcesToNewImplLocked(ResourcesManager.java:2268)
02-20 00:27:54.327 10861 10861 E AndroidRuntime: 	at android.app.ResourcesManager.appendLibAssetsLocked(ResourcesManager.java:2105)
02-20 00:27:54.327 10861 10861 E AndroidRuntime: 	at android.app.ResourcesManager.registerResourcePaths(ResourcesManager.java:211)
02-20 00:27:54.327 10861 10861 E AndroidRuntime: 	at android.content.res.Resources.registerResourcePaths(Resources.java:2920)
02-20 00:27:54.327 10861 10861 E AndroidRuntime: 	at android.webkit.WebViewFactory.getProviderClass(WebViewFactory.java:580)
02-20 00:27:54.327 10861 10861 E AndroidRuntime: 	at android.webkit.WebViewFactory.getProvider(WebViewFactory.java:376)
02-20 00:27:54.327 10861 10861 E AndroidRuntime: 	... 97 more
02-22 22:21:55.991 29234 29234 E AndroidRuntime: FATAL EXCEPTION: main
02-22 22:21:55.991 29234 29234 E AndroidRuntime: Process: com.nhattien.expensemanager, PID: 29234
02-22 22:21:55.991 29234 29234 E AndroidRuntime: java.lang.IllegalStateException: Migration didn't properly handle: recurring_transactions(com.nhattien.expensemanager.data.entity.RecurringTransactionEntity).
02-22 22:21:55.991 29234 29234 E AndroidRuntime:  Expected:
02-22 22:21:55.991 29234 29234 E AndroidRuntime: TableInfo{name='recurring_transactions', columns={note=Column{name='note', type='TEXT', affinity='2', notNull=true, primaryKeyPosition=0, defaultValue='undefined'}, walletId=Column{name='walletId', type='INTEGER', affinity='3', notNull=true, primaryKeyPosition=0, defaultValue='undefined'}, amount=Column{name='amount', type='REAL', affinity='4', notNull=true, primaryKeyPosition=0, defaultValue='undefined'}, recurrencePeriod=Column{name='recurrencePeriod', type='TEXT', affinity='2', notNull=true, primaryKeyPosition=0, defaultValue='undefined'}, nextRunDate=Column{name='nextRunDate', type='INTEGER', affinity='3', notNull=true, primaryKeyPosition=0, defaultValue='undefined'}, id=Column{name='id', type='INTEGER', affinity='3', notNull=true, primaryKeyPosition=1, defaultValue='undefined'}, type=Column{name='type', type='TEXT', affinity='2', notNull=true, primaryKeyPosition=0, defaultValue='undefined'}, isActive=Column{name='isActive', type='INTEGER', affinity='3', notNull=true, primaryKeyPosition=0, defaultValue='undefined'}, categoryId=Column{name='categoryId', type='INTEGER', affinity='3', notNull=true, primaryKeyPosition=0, defaultValue='undefined'}}, foreignKeys=[ForeignKey{referenceTable='wallets', onDelete='CASCADE +', onUpdate='NO ACTION', columnNames=[walletId], referenceColumnNames=[id]}], indices=[Index{name='index_recurring_transactions_walletId', unique=false, columns=[walletId], orders=[ASC]'}]}
02-22 22:21:55.991 29234 29234 E AndroidRuntime:  Found:
02-22 22:21:55.991 29234 29234 E AndroidRuntime: TableInfo{name='recurring_transactions', columns={}, foreignKeys=[], indices=[]}
02-22 22:21:55.991 29234 29234 E AndroidRuntime: 	at androidx.room.RoomOpenHelper.onUpgrade(RoomOpenHelper.kt:93)
02-22 22:21:55.991 29234 29234 E AndroidRuntime: 	at androidx.sqlite.db.framework.FrameworkSQLiteOpenHelper$OpenHelper.onUpgrade(FrameworkSQLiteOpenHelper.kt:253)
02-22 22:21:55.991 29234 29234 E AndroidRuntime: 	at android.database.sqlite.SQLiteOpenHelper.getDatabaseLocked(SQLiteOpenHelper.java:542)
02-22 22:21:55.991 29234 29234 E AndroidRuntime: 	at android.database.sqlite.SQLiteOpenHelper.getWritableDatabase(SQLiteOpenHelper.java:439)
02-22 22:21:55.991 29234 29234 E AndroidRuntime: 	at androidx.sqlite.db.framework.FrameworkSQLiteOpenHelper$OpenHelper.getWritableOrReadableDatabase(FrameworkSQLiteOpenHelper.kt:232)
02-22 22:21:55.991 29234 29234 E AndroidRuntime: 	at androidx.sqlite.db.framework.FrameworkSQLiteOpenHelper$OpenHelper.innerGetDatabase(FrameworkSQLiteOpenHelper.kt:190)
02-22 22:21:55.991 29234 29234 E AndroidRuntime: 	at androidx.sqlite.db.framework.FrameworkSQLiteOpenHelper$OpenHelper.getSupportDatabase(FrameworkSQLiteOpenHelper.kt:151)
02-22 22:21:55.991 29234 29234 E AndroidRuntime: 	at androidx.sqlite.db.framework.FrameworkSQLiteOpenHelper.getWritableDatabase(FrameworkSQLiteOpenHelper.kt:104)
02-22 22:21:55.991 29234 29234 E AndroidRuntime: 	at androidx.room.RoomDatabase.inTransaction(RoomDatabase.kt:632)
02-22 22:21:55.991 29234 29234 E AndroidRuntime: 	at androidx.room.RoomDatabase.assertNotSuspendingTransaction(RoomDatabase.kt:451)
02-22 22:21:55.991 29234 29234 E AndroidRuntime: 	at androidx.room.RoomDatabase.query(RoomDatabase.kt:480)
02-22 22:21:55.991 29234 29234 E AndroidRuntime: 	at androidx.room.util.DBUtil.query(DBUtil.kt:75)
02-22 22:21:55.991 29234 29234 E AndroidRuntime: 	at com.nhattien.expensemanager.data.dao.TagDao_Impl$13.call(TagDao_Impl.java:279)
02-22 22:21:55.991 29234 29234 E AndroidRuntime: 	at com.nhattien.expensemanager.data.dao.TagDao_Impl$13.call(TagDao_Impl.java:275)
02-22 22:21:55.991 29234 29234 E AndroidRuntime: 	at androidx.room.CoroutinesRoom$Companion$createFlow$1$1$1.invokeSuspend(CoroutinesRoom.kt:129)
02-22 22:21:55.991 29234 29234 E AndroidRuntime: 	at kotlin.coroutines.jvm.internal.BaseContinuationImpl.resumeWith(ContinuationImpl.kt:33)
02-22 22:21:55.991 29234 29234 E AndroidRuntime: 	at kotlinx.coroutines.DispatchedTask.run(DispatchedTask.kt:108)
02-22 22:21:55.991 29234 29234 E AndroidRuntime: 	at java.util.concurrent.ThreadPoolExecutor.runWorker(ThreadPoolExecutor.java:1156)
02-22 22:21:55.991 29234 29234 E AndroidRuntime: 	at java.util.concurrent.ThreadPoolExecutor$Worker.run(ThreadPoolExecutor.java:651)
02-22 22:21:55.991 29234 29234 E AndroidRuntime: 	at java.lang.Thread.run(Thread.java:1119)
02-22 22:21:55.991 29234 29234 E AndroidRuntime: 	Suppressed: kotlinx.coroutines.internal.DiagnosticCoroutineContextException: [StandaloneCoroutine{Cancelling}@35f212d, Dispatchers.Main.immediate]
